<?xml version="1.0" encoding="UTF-8"?>
<testng-results ignored="0" total="1" passed="1" failed="0" skipped="0">
  <reporter-output>
    <line>
      <![CDATA[
The 'actiTIME - Login' page is displayed.]]>
    </line>
    <line>
      <![CDATA[Logging in to the ActiTIME website.]]>
    </line>
    <line>
      <![CDATA[
The 'actiTIME - Enter Time-Track' page is displayed.]]>
    </line>
    <line>
      <![CDATA[
The 'actiTIME - Task List' page is displayed.]]>
    </line>
    <line>
      <![CDATA[Logging out of the ActiTIME website.
]]>
    </line>
  </reporter-output>
  <suite started-at="2024-10-12T14:40:36 IST" name="Default suite" finished-at="2024-10-12T14:40:57 IST" duration-ms="20751">
    <groups>
    </groups>
    <test started-at="2024-10-12T14:40:36 IST" name="Default test" finished-at="2024-10-12T14:40:57 IST" duration-ms="20751">
      <class name="com.demo.testscript.CustomerModule">
        <test-method is-config="true" signature="openBrowser()[pri:0, instance:com.demo.testscript.CustomerModule@69453e37]" started-at="2024-10-12T14:40:36 IST" name="openBrowser" finished-at="2024-10-12T14:40:43 IST" duration-ms="6915" status="PASS">
          <reporter-output>
          </reporter-output>
        </test-method> <!-- openBrowser -->
        <test-method is-config="true" signature="login()[pri:0, instance:com.demo.testscript.CustomerModule@69453e37]" started-at="2024-10-12T14:40:43 IST" name="login" finished-at="2024-10-12T14:40:43 IST" duration-ms="184" status="PASS">
          <reporter-output>
            <line>
              <![CDATA[
The 'actiTIME - Login' page is displayed.]]>
            </line>
            <line>
              <![CDATA[Logging in to the ActiTIME website.]]>
            </line>
          </reporter-output>
        </test-method> <!-- login -->
        <test-method signature="createCustomer()[pri:0, instance:com.demo.testscript.CustomerModule@69453e37]" started-at="2024-10-12T14:40:43 IST" name="createCustomer" finished-at="2024-10-12T14:40:56 IST" duration-ms="13047" status="PASS">
          <reporter-output>
            <line>
              <![CDATA[
The 'actiTIME - Enter Time-Track' page is displayed.]]>
            </line>
            <line>
              <![CDATA[
The 'actiTIME - Task List' page is displayed.]]>
            </line>
          </reporter-output>
        </test-method> <!-- createCustomer -->
        <test-method is-config="true" signature="logout()[pri:0, instance:com.demo.testscript.CustomerModule@69453e37]" started-at="2024-10-12T14:40:56 IST" name="logout" finished-at="2024-10-12T14:40:57 IST" duration-ms="298" status="PASS">
          <reporter-output>
            <line>
              <![CDATA[Logging out of the ActiTIME website.
]]>
            </line>
          </reporter-output>
        </test-method> <!-- logout -->
        <test-method is-config="true" signature="closeBrowser()[pri:0, instance:com.demo.testscript.CustomerModule@69453e37]" started-at="2024-10-12T14:40:57 IST" name="closeBrowser" finished-at="2024-10-12T14:40:57 IST" duration-ms="271" status="PASS">
          <reporter-output>
          </reporter-output>
        </test-method> <!-- closeBrowser -->
      </class> <!-- com.demo.testscript.CustomerModule -->
    </test> <!-- Default test -->
  </suite> <!-- Default suite -->
</testng-results>
